<?xml version="1.0" encoding="UTF-8"?>
<!-- Generated by org.testng.reporters.JUnitReportReporter -->
<testsuite hostname="Faisals-MacBook-Pro.local" failures="0" tests="2" name="com.test.automation.FrameworkPractice.testScripts.SearchQueryScript" time="15.598" errors="0" timestamp="05 Feb 2018 07:59:52 GMT" skipped="0">
  <testcase classname="com.test.automation.FrameworkPractice.testScripts.SearchQueryScript" name="test_GoogleSearch" time="7.113"/>
  <testcase classname="com.test.automation.FrameworkPractice.testScripts.SearchQueryScript" name="test_FeelingLuckySearch" time="8.485"/>
</testsuite> <!-- com.test.automation.FrameworkPractice.testScripts.SearchQueryScript -->
