<?xml version="1.0" encoding="UTF-8"?>
<!-- Generated by org.testng.reporters.JUnitReportReporter -->
<testsuite hostname="Faisals-MacBook-Pro.local" failures="0" tests="3" name="com.test.automation.FrameworkPractice.testScripts.ResultsScript" time="23.723" errors="0" timestamp="05 Feb 2018 07:59:52 GMT" skipped="0">
  <testcase classname="com.test.automation.FrameworkPractice.testScripts.ResultsScript" name="test_Signin" time="9.876"/>
  <testcase classname="com.test.automation.FrameworkPractice.testScripts.ResultsScript" name="test_Setings" time="6.788"/>
  <testcase classname="com.test.automation.FrameworkPractice.testScripts.ResultsScript" name="test_Tools" time="7.059"/>
</testsuite> <!-- com.test.automation.FrameworkPractice.testScripts.ResultsScript -->
